<?xml version="1.0" encoding="UTF-8"?>
<!-- Generated by org.testng.reporters.JUnitReportReporter -->
<testsuite skipped="0" hostname="Tugba-MBP.fios-router.home" name="com.qa.hotels.tests.FiveStarPageTest" tests="1" failures="0" timestamp="2020-08-01T14:27:13 EDT" time="3.727" errors="0">
  <testcase name="FiveStarHotelsTest" time="3.727" classname="com.qa.hotels.tests.FiveStarPageTest"/>
  <system-out/>
</testsuite> <!-- com.qa.hotels.tests.FiveStarPageTest -->
