<?xml version="1.0" encoding="UTF-8"?>
<!-- Generated by org.testng.reporters.JUnitReportReporter -->
<testsuite skipped="0" hostname="Tugba-MBP.fios-router.home" name="com.qa.hotels.tests.ThreeStarPageTest" tests="4" failures="0" timestamp="2020-08-01T14:26:03 EDT" time="9.089" errors="0">
  <testcase name="getTitleTest" time="0.358" classname="com.qa.hotels.tests.ThreeStarPageTest"/>
  <system-out/>
  <testcase name="selectDestinationTest" time="0.890" classname="com.qa.hotels.tests.ThreeStarPageTest"/>
  <system-out/>
  <testcase name="select3StarTest" time="7.531" classname="com.qa.hotels.tests.ThreeStarPageTest"/>
  <system-out/>
  <testcase name="hotelWithinTenMilesTest" time="0.310" classname="com.qa.hotels.tests.ThreeStarPageTest"/>
  <system-out/>
</testsuite> <!-- com.qa.hotels.tests.ThreeStarPageTest -->
