<?xml version="1.0" encoding="UTF-8"?>
<!-- Generated by org.testng.reporters.JUnitReportReporter -->
<testsuite skipped="0" hostname="Tugba-MBP.fios-router.home" name="com.qa.hotels.tests.HomePageTest" tests="2" failures="0" timestamp="2020-08-01T14:23:39 EDT" time="5.930" errors="0">
  <testcase name="verifyTitleTest" time="0.152" classname="com.qa.hotels.tests.HomePageTest"/>
  <system-out/>
  <testcase name="fillTheFormTest" time="5.778" classname="com.qa.hotels.tests.HomePageTest"/>
  <system-out/>
</testsuite> <!-- com.qa.hotels.tests.HomePageTest -->
